01:59:22.902 [main] INFO  api.test.UserTest - ************* Creating User **************
01:59:26.931 [main] INFO  api.test.UserTest - ************* User is Created  **************
01:59:26.950 [main] INFO  api.test.UserTest - ************* 	Get user Info  **************
01:59:28.296 [main] INFO  api.test.UserTest - ************* 	User Info is displayed  **************
01:59:28.309 [main] INFO  api.test.UserTest - ************* 	Updating User  **************
01:59:30.039 [main] INFO  api.test.UserTest - ************* 	User is updated  **************
01:59:31.584 [main] INFO  api.test.UserTest - ************* Deleting user  **************
01:59:33.240 [main] INFO  api.test.UserTest - ************* User deleted  **************
02:02:46.492 [main] INFO  api.test.UserTest - ************* Creating User **************
02:02:51.371 [main] INFO  api.test.UserTest - ************* User is Created  **************
02:02:51.387 [main] INFO  api.test.UserTest - ************* Get user Info **************
02:02:53.229 [main] INFO  api.test.UserTest - ************* User Info is displayed **************
02:02:53.234 [main] INFO  api.test.UserTest - *************	Updating User **************
02:02:54.774 [main] INFO  api.test.UserTest - ************* User is updated **************
02:02:56.434 [main] INFO  api.test.UserTest - ************* Deleting user **************
02:02:58.029 [main] INFO  api.test.UserTest - ************* User deleted **************
	21:01:32.775 [main] INFO  api.test.UserTest - ************* Creating User **************
21:01:39.861 [main] INFO  api.test.UserTest - ************* User is Created  **************
21:01:39.899 [main] INFO  api.test.UserTest - ************* Get user Info **************
21:01:44.308 [main] INFO  api.test.UserTest - ************* User Info is displayed **************
21:01:44.326 [main] INFO  api.test.UserTest - *************	Updating User **************
21:01:47.168 [main] INFO  api.test.UserTest - ************* User is updated **************
21:01:51.073 [main] INFO  api.test.UserTest - ************* Deleting user **************
21:01:53.213 [main] INFO  api.test.UserTest - ************* User deleted **************
21:22:15.364 [main] INFO  api.test.UserTest - ************* Creating User **************
21:22:21.834 [main] INFO  api.test.UserTest - ************* User is Created  **************
21:22:21.844 [main] INFO  api.test.UserTest - ************* Get user Info **************
21:22:23.820 [main] INFO  api.test.UserTest - *************	Updating User **************
21:22:25.913 [main] INFO  api.test.UserTest - ************* User is updated **************
21:22:27.451 [main] INFO  api.test.UserTest - ************* Deleting user **************
21:28:00.223 [main] INFO  api.test.UserTest - ************* Creating User **************
21:28:09.343 [main] INFO  api.test.UserTest - ************* User is Created  **************
21:28:09.409 [main] INFO  api.test.UserTest - ************* Get user Info **************
21:28:11.258 [main] INFO  api.test.UserTest - *************	Updating User **************
21:28:12.849 [main] INFO  api.test.UserTest - ************* User is updated **************
21:28:15.126 [main] INFO  api.test.UserTest - ************* Deleting user **************
21:28:17.048 [main] INFO  api.test.UserTest - ************* User deleted **************
21:29:32.130 [main] INFO  api.test.UserTest - ************* Creating User **************
21:29:38.786 [main] INFO  api.test.UserTest - ************* User is Created  **************
21:29:38.832 [main] INFO  api.test.UserTest - ************* Get user Info **************
21:29:40.742 [main] INFO  api.test.UserTest - *************	Updating User **************
21:29:42.755 [main] INFO  api.test.UserTest - ************* User is updated **************
21:29:44.399 [main] INFO  api.test.UserTest - ************* Deleting user **************
21:32:11.848 [main] INFO  api.test.UserTest - ************* Creating User **************
21:32:19.024 [main] INFO  api.test.UserTest - ************* User is Created  **************
21:32:19.047 [main] INFO  api.test.UserTest - ************* Get user Info **************
21:32:20.994 [main] INFO  api.test.UserTest - *************	Updating User **************
21:32:22.806 [main] INFO  api.test.UserTest - ************* User is updated **************
21:32:24.654 [main] INFO  api.test.UserTest - ************* Deleting user **************
21:33:26.052 [main] INFO  api.test.UserTest - ************* Creating User **************
21:33:33.400 [main] INFO  api.test.UserTest - ************* User is Created  **************
21:33:33.425 [main] INFO  api.test.UserTest - ************* Get user Info **************
21:33:35.442 [main] INFO  api.test.UserTest - *************	Updating User **************
21:33:37.661 [main] INFO  api.test.UserTest - ************* User is updated **************
21:33:39.614 [main] INFO  api.test.UserTest - ************* Deleting user **************
21:33:41.756 [main] INFO  api.test.UserTest - ************* User deleted **************
21:34:11.816 [main] INFO  api.test.UserTest - ************* Creating User **************
21:34:18.872 [main] INFO  api.test.UserTest - ************* User is Created  **************
21:34:18.911 [main] INFO  api.test.UserTest - ************* Get user Info **************
21:34:20.811 [main] INFO  api.test.UserTest - *************	Updating User **************
21:34:22.382 [main] INFO  api.test.UserTest - ************* User is updated **************
21:34:23.841 [main] INFO  api.test.UserTest - ************* Deleting user **************
21:34:29.241 [main] INFO  api.test.UserTest - ************* User deleted **************
21:36:53.191 [main] INFO  api.test.UserTest - ************* Creating User **************
21:36:57.036 [main] INFO  api.test.UserTest - ************* User is Created  **************
21:36:57.046 [main] INFO  api.test.UserTest - ************* Get user Info **************
21:36:59.213 [main] INFO  api.test.UserTest - *************	Updating User **************
21:37:01.107 [main] INFO  api.test.UserTest - ************* User is updated **************
21:37:02.796 [main] INFO  api.test.UserTest - ************* Deleting user **************
21:37:37.930 [main] INFO  api.test.UserTest - ************* Creating User **************
21:37:41.834 [main] INFO  api.test.UserTest - ************* User is Created  **************
21:37:41.846 [main] INFO  api.test.UserTest - ************* Get user Info **************
21:37:43.352 [main] INFO  api.test.UserTest - ************* User Info is displayed **************
21:37:43.355 [main] INFO  api.test.UserTest - *************	Updating User **************
21:37:44.944 [main] INFO  api.test.UserTest - ************* User is updated **************
21:37:46.550 [main] INFO  api.test.UserTest - ************* Deleting user **************
21:37:48.146 [main] INFO  api.test.UserTest - ************* User deleted **************
22:21:37.009 [main] INFO  api.test.UserTest - ************* Creating User **************
22:21:41.246 [main] INFO  api.test.UserTest - ************* User is Created  **************
22:21:41.256 [main] INFO  api.test.UserTest - ************* Get user Info **************
22:21:43.045 [main] INFO  api.test.UserTest - *************	Updating User **************
22:21:44.289 [main] INFO  api.test.UserTest - ************* User is updated **************
22:21:45.573 [main] INFO  api.test.UserTest - ************* Deleting user **************
22:21:46.858 [main] INFO  api.test.UserTest - ************* User deleted **************
22:22:10.905 [main] INFO  api.test.UserTest - ************* Creating User **************
22:22:14.399 [main] INFO  api.test.UserTest - ************* User is Created  **************
22:22:14.424 [main] INFO  api.test.UserTest - ************* Get user Info **************
22:22:15.807 [main] INFO  api.test.UserTest - ************* User Info is displayed **************
22:22:15.807 [main] INFO  api.test.UserTest - *************	Updating User **************
22:22:17.736 [main] INFO  api.test.UserTest - ************* User is updated **************
22:22:19.563 [main] INFO  api.test.UserTest - ************* Deleting user **************
22:22:21.089 [main] INFO  api.test.UserTest - ************* User deleted **************
17:34:46.102 [main] INFO  api.test.UserTest - ************* Creating User **************
17:34:53.940 [main] INFO  api.test.UserTest - ************* User is Created  **************
17:34:53.965 [main] INFO  api.test.UserTest - ************* Get user Info **************
17:34:55.728 [main] INFO  api.test.UserTest - *************	Updating User **************
17:34:57.961 [main] INFO  api.test.UserTest - ************* User is updated **************
17:34:59.913 [main] INFO  api.test.UserTest - ************* Deleting user **************
17:35:01.749 [main] INFO  api.test.UserTest - ************* User deleted **************
17:35:26.899 [main] INFO  api.test.UserTest - ************* Creating User **************
17:35:34.721 [main] INFO  api.test.UserTest - ************* User is Created  **************
17:35:34.763 [main] INFO  api.test.UserTest - ************* Get user Info **************
17:35:36.699 [main] INFO  api.test.UserTest - *************	Updating User **************
17:35:38.411 [main] INFO  api.test.UserTest - ************* User is updated **************
17:35:39.807 [main] INFO  api.test.UserTest - ************* Deleting user **************
17:35:41.226 [main] INFO  api.test.UserTest - ************* User deleted **************
